<?xml version="1.0" encoding="UTF-8"?>
<testsuite name="ComputerRepairRequestTest" tests="2" skipped="0" failures="0" errors="0" timestamp="2025-03-03T11:20:03" hostname="lazar" time="0.01">
  <properties/>
  <testcase name="First test" classname="ComputerRepairRequestTest" time="0.009"/>
  <testcase name="Test example" classname="ComputerRepairRequestTest" time="0.0"/>
  <system-out><![CDATA[]]></system-out>
  <system-err><![CDATA[]]></system-err>
</testsuite>
